<?xml version="1.0" encoding="UTF-8"?>
<robot generator="Robot 7.3.2 (Python 3.13.0 on win32)" generated="2025-08-16T19:19:08.791781" rpa="false" schemaversion="5">
<suite id="s1" name="View product in cart Test 6" source="D:\PY_Selenium\awesomeqa-robot-project\tests\View_product_in_cart_Test_6.robot">
<test id="s1-t1" name="View Product In Cart Test" line="7">
<kw name="Given Open Home Page" owner="home_page">
<kw name="Open Browser" owner="SeleniumLibrary">
<msg time="2025-08-16T19:19:09.123264" level="INFO">Opening browser 'Chrome' to base url 'https://awesomeqa.com/ui/index.php?route=common/home'.</msg>
<arg>${Base_Url}</arg>
<arg>${Browser}</arg>
<doc>Opens a new browser instance to the optional ``url``.</doc>
<status status="PASS" start="2025-08-16T19:19:09.123039" elapsed="2.311654"/>
</kw>
<kw name="Maximize Browser Window" owner="SeleniumLibrary">
<doc>Maximizes current browser window.</doc>
<status status="PASS" start="2025-08-16T19:19:11.434953" elapsed="0.027568"/>
</kw>
<kw name="Set Selenium Implicit Wait" owner="SeleniumLibrary">
<arg>10s</arg>
<doc>Sets the implicit wait value used by Selenium.</doc>
<status status="PASS" start="2025-08-16T19:19:11.463454" elapsed="0.002313"/>
</kw>
<doc>Opens the home page of the application.</doc>
<status status="PASS" start="2025-08-16T19:19:09.122360" elapsed="2.343533"/>
</kw>
<kw name="And Verify Home Page Title" owner="home_page">
<kw name="Get Title" owner="SeleniumLibrary">
<msg time="2025-08-16T19:19:11.471725" level="INFO">${title} = Your Store</msg>
<var>${title}</var>
<doc>Returns the title of the current page.</doc>
<status status="PASS" start="2025-08-16T19:19:11.466762" elapsed="0.005023"/>
</kw>
<kw name="Should Be Equal As Strings" owner="BuiltIn">
<arg>${title}</arg>
<arg>${Expected_Home_Page_Title}</arg>
<doc>Fails if objects are unequal after converting them to strings.</doc>
<status status="PASS" start="2025-08-16T19:19:11.471942" elapsed="0.000222"/>
</kw>
<arg>Your Store</arg>
<doc>Verifies that the home page title is correct.</doc>
<status status="PASS" start="2025-08-16T19:19:11.466346" elapsed="0.005899"/>
</kw>
<kw name="And Search for product" owner="home_page">
<kw name="Input Text" owner="SeleniumLibrary">
<msg time="2025-08-16T19:19:11.473060" level="INFO">Typing text 'MacBook' into text field 'xpath=//input[@name='search']'.</msg>
<arg>${Search_Input_Field}</arg>
<arg>${Product_Name}</arg>
<doc>Types the given ``text`` into the text field identified by ``locator``.</doc>
<status status="PASS" start="2025-08-16T19:19:11.472748" elapsed="0.117041"/>
</kw>
<kw name="Click Element" owner="SeleniumLibrary">
<msg time="2025-08-16T19:19:11.590513" level="INFO">Clicking element 'xpath=//button[@class='btn btn-default btn-lg']'.</msg>
<arg>${Search_Button}</arg>
<doc>Click the element identified by ``locator``.</doc>
<status status="PASS" start="2025-08-16T19:19:11.590088" elapsed="0.350128"/>
</kw>
<arg>MacBook</arg>
<doc>Searches for a product on the home page.</doc>
<status status="PASS" start="2025-08-16T19:19:11.472510" elapsed="0.467897"/>
</kw>
<kw name="And Verify Search Result" owner="home_page">
<kw name="Wait Until Element Is Visible" owner="SeleniumLibrary">
<arg>${Search_Result_heading}</arg>
<arg>10s</arg>
<doc>Waits until the element ``locator`` is visible.</doc>
<status status="PASS" start="2025-08-16T19:19:11.941365" elapsed="0.030472"/>
</kw>
<kw name="Element Should Contain" owner="SeleniumLibrary">
<msg time="2025-08-16T19:19:12.009092" level="INFO">Element 'xpath=//h1[contains(text(), 'Search')]' contains text 'Search'.</msg>
<arg>${Search_Result_heading}</arg>
<arg>Search</arg>
<doc>Verifies that element ``locator`` contains text ``expected``.</doc>
<status status="PASS" start="2025-08-16T19:19:11.972132" elapsed="0.037053"/>
</kw>
<doc>Verifies that the search result matches the expected result.</doc>
<status status="PASS" start="2025-08-16T19:19:11.940922" elapsed="0.068371"/>
</kw>
<kw name="And Add product to cart" owner="home_page">
<kw name="Wait Until Element Is Visible" owner="SeleniumLibrary">
<arg>${Add_macbook to carrt}</arg>
<arg>10s</arg>
<doc>Waits until the element ``locator`` is visible.</doc>
<status status="PASS" start="2025-08-16T19:19:12.010104" elapsed="0.015512"/>
</kw>
<kw name="Click Element" owner="SeleniumLibrary">
<msg time="2025-08-16T19:19:12.026129" level="INFO">Clicking element 'xpath=//*[@id="content"]/div[3]/div[1]/div/div[2]/div[2]/button[1]'.</msg>
<arg>${Add_macbook to carrt}</arg>
<doc>Click the element identified by ``locator``.</doc>
<status status="PASS" start="2025-08-16T19:19:12.025801" elapsed="0.072792"/>
</kw>
<kw name="Wait Until Element Is Visible" owner="SeleniumLibrary">
<arg>${SUCCESS_MESSAGE_ADD_TO_CART}</arg>
<arg>10s</arg>
<doc>Waits until the element ``locator`` is visible.</doc>
<status status="PASS" start="2025-08-16T19:19:12.098797" elapsed="0.157529"/>
</kw>
<kw name="Element Should Contain" owner="SeleniumLibrary">
<msg time="2025-08-16T19:19:12.293263" level="INFO">Element 'xpath=//div[contains(@class, 'alert alert-success alert-dismissible')]' contains text 'Success: You have added MacBook to your shopping cart!'.</msg>
<arg>${SUCCESS_MESSAGE_ADD_TO_CART}</arg>
<arg>Success: You have added MacBook to your shopping cart!</arg>
<doc>Verifies that element ``locator`` contains text ``expected``.</doc>
<status status="PASS" start="2025-08-16T19:19:12.256691" elapsed="0.037261"/>
</kw>
<doc>Adds a product to the cart.And verifies Success message.</doc>
<status status="PASS" start="2025-08-16T19:19:12.009753" elapsed="0.284737"/>
</kw>
<kw name="When open cart section" owner="home_page">
<kw name="Wait Until Keyword Succeeds" owner="BuiltIn">
<kw name="Click Element" owner="SeleniumLibrary">
<msg time="2025-08-16T19:19:12.296652" level="INFO">Clicking element 'id=cart-total'.</msg>
<arg>${Cart_button}</arg>
<doc>Click the element identified by ``locator``.</doc>
<status status="PASS" start="2025-08-16T19:19:12.296346" elapsed="0.155200"/>
</kw>
<arg>5x</arg>
<arg>2s</arg>
<arg>Click Element</arg>
<arg>${Cart_button}</arg>
<doc>Runs the specified keyword and retries if it fails.</doc>
<status status="PASS" start="2025-08-16T19:19:12.295826" elapsed="0.155821"/>
</kw>
<kw name="Wait Until Element Is Visible" owner="SeleniumLibrary">
<arg>${check_for_product_in_cart_intractive_model}</arg>
<arg>10s</arg>
<doc>Waits until the element ``locator`` is visible.</doc>
<status status="PASS" start="2025-08-16T19:19:12.451795" elapsed="0.021367"/>
</kw>
<kw name="Element Should Contain" owner="SeleniumLibrary">
<msg time="2025-08-16T19:19:12.488311" level="INFO">Element 'xpath=//*[@id="cart"]/ul/li[1]/table/tbody/tr/td[2]/a' contains text 'MacBook'.</msg>
<arg>${check_for_product_in_cart_intractive_model}</arg>
<arg>MacBook</arg>
<doc>Verifies that element ``locator`` contains text ``expected``.</doc>
<status status="PASS" start="2025-08-16T19:19:12.473421" elapsed="0.014980"/>
</kw>
<kw name="Click Element" owner="SeleniumLibrary">
<msg time="2025-08-16T19:19:12.488760" level="INFO">Clicking element 'xpath=//strong[contains(text(), 'View Cart')]'.</msg>
<arg>${View_Cart_Button}</arg>
<doc>Click the element identified by ``locator``.</doc>
<status status="PASS" start="2025-08-16T19:19:12.488555" elapsed="0.266925"/>
</kw>
<doc>Opens the cart section to view the added product.</doc>
<status status="PASS" start="2025-08-16T19:19:12.295208" elapsed="0.460454"/>
</kw>
<kw name="Then Verify product in cart" owner="cart_page">
<kw name="Wait Until Element Is Visible" owner="SeleniumLibrary">
<arg>${Verify_Product_in_Cart}</arg>
<arg>10s</arg>
<doc>Waits until the element ``locator`` is visible.</doc>
<status status="PASS" start="2025-08-16T19:19:12.756761" elapsed="0.026632"/>
</kw>
<kw name="Element Should Contain" owner="SeleniumLibrary">
<msg time="2025-08-16T19:19:12.800392" level="INFO">Element 'xpath=//div[@id='content']//a[text()='MacBook']' contains text 'MacBook'.</msg>
<arg>${Verify_Product_in_Cart}</arg>
<arg>MacBook</arg>
<doc>Verifies that element ``locator`` contains text ``expected``.</doc>
<status status="PASS" start="2025-08-16T19:19:12.783565" elapsed="0.016917"/>
</kw>
<doc>Verifies that the product is present in the cart.</doc>
<status status="PASS" start="2025-08-16T19:19:12.756286" elapsed="0.044446"/>
</kw>
<doc>This test case verifies that a product can be added to the cart and viewed correctly.</doc>
<status status="PASS" start="2025-08-16T19:19:09.121467" elapsed="3.679714"/>
</test>
<status status="PASS" start="2025-08-16T19:19:08.793590" elapsed="4.008504"/>
</suite>
<statistics>
<total>
<stat pass="1" fail="0" skip="0">All Tests</stat>
</total>
<tag>
</tag>
<suite>
<stat name="View product in cart Test 6" id="s1" pass="1" fail="0" skip="0">View product in cart Test 6</stat>
</suite>
</statistics>
<errors>
</errors>
</robot>
